Importer Log Report
Project : SGK_DVR_01.PrjPcb

Section : Document - C:\Users\wwm\Desktop\新建文件夹\SGK_DVR_01外发资料\SGK_DVR_01.DSN

    Section : Importing Sheet - P17 POWER2.SchDoc
        Warning : Junction at (71.12mm,190.5mm) has been added.
        Warning : Junction at (71.12mm,172.72mm) has been added.
        Warning : Junction at (119.38mm,215.9mm) has been added.
        Warning : Junction at (213.36mm,121.92mm) has been removed. It will be automatically calculated.
        Warning : Junction at (205.74mm,121.92mm) has been removed. It will be automatically calculated.
        Warning : Junction at (119.38mm,198.12mm) has been removed. It will be automatically calculated.
        Warning : Junction at (208.28mm,208.28mm) has been removed. It will be automatically calculated.
        Warning : Junction at (208.28mm,215.9mm) has been removed. It will be automatically calculated.
        Warning : Junction at (177.8mm,198.12mm) has been removed. It will be automatically calculated.
        Warning : Junction at (167.64mm,198.12mm) has been removed. It will be automatically calculated.
        Warning : Junction at (195.58mm,182.88mm) has been removed. It will be automatically calculated.
        Warning : Junction at (320.04mm,111.76mm) has been removed. It will be automatically calculated.
        Warning : Junction at (309.88mm,111.76mm) has been removed. It will be automatically calculated.
        Warning : Junction at (320.04mm,93.98mm) has been removed. It will be automatically calculated.
        Warning : Junction at (358.14mm,111.76mm) has been removed. It will be automatically calculated.
        Warning : Junction at (347.98mm,111.76mm) has been removed. It will be automatically calculated.
        Warning : Junction at (358.14mm,93.98mm) has been removed. It will be automatically calculated.
        Warning : Junction at (114.3mm,215.9mm) has been removed. It will be automatically calculated.
        Warning : Junction at (187.96mm,215.9mm) has been removed. It will be automatically calculated.
        Warning : Junction at (187.96mm,223.52mm) has been removed. It will be automatically calculated.
        Warning : Junction at (137.16mm,223.52mm) has been removed. It will be automatically calculated.
        Warning : Junction at (137.16mm,215.9mm) has been removed. It will be automatically calculated.
        Warning : Junction at (40.64mm,116.84mm) has been removed. It will be automatically calculated.
        Warning : Junction at (40.64mm,119.38mm) has been removed. It will be automatically calculated.
        Warning : Junction at (40.64mm,124.46mm) has been removed. It will be automatically calculated.
        Warning : Junction at (114.3mm,193.04mm) has been removed. It will be automatically calculated.
        Warning : Junction at (157.48mm,121.92mm) has been removed. It will be automatically calculated.
        Warning : Junction at (149.86mm,121.92mm) has been removed. It will be automatically calculated.
        Warning : Junction at (162.56mm,111.76mm) has been removed. It will be automatically calculated.
        Warning : Junction at (198.12mm,111.76mm) has been removed. It will be automatically calculated.
        Warning : Junction at (302.26mm,111.76mm) has been removed. It will be automatically calculated.
        Warning : Junction at (281.94mm,205.74mm) has been removed. It will be automatically calculated.
        Warning : Junction at (342.9mm,182.88mm) has been removed. It will be automatically calculated.
        Warning : Junction at (365.76mm,213.36mm) has been removed. It will be automatically calculated.
        Warning : Junction at (365.76mm,185.42mm) has been removed. It will be automatically calculated.
        Warning : Junction at (365.76mm,177.8mm) has been removed. It will be automatically calculated.
        Warning : Junction at (365.76mm,182.88mm) has been removed. It will be automatically calculated.
        Warning : Junction at (322.58mm,215.9mm) has been removed. It will be automatically calculated.
        Warning : Junction at (342.9mm,198.12mm) has been removed. It will be automatically calculated.
        Warning : Junction at (365.76mm,198.12mm) has been removed. It will be automatically calculated.
        Warning : Junction at (365.76mm,200.66mm) has been removed. It will be automatically calculated.
        Warning : Junction at (322.58mm,200.66mm) has been removed. It will be automatically calculated.
        Warning : Junction at (342.9mm,228.6mm) has been removed. It will be automatically calculated.
        Warning : Junction at (342.9mm,213.36mm) has been removed. It will be automatically calculated.
        Warning : Junction at (365.76mm,215.9mm) has been removed. It will be automatically calculated.
        Warning : Junction at (365.76mm,228.6mm) has been removed. It will be automatically calculated.
        Warning : Junction at (365.76mm,231.14mm) has been removed. It will be automatically calculated.
        Warning : Junction at (187.96mm,241.3mm) has been removed. It will be automatically calculated.
        Warning : Junction at (137.16mm,246.38mm) has been removed. It will be automatically calculated.
        Warning : Junction at (167.64mm,68.58mm) has been removed. It will be automatically calculated.
        Warning : Junction at (218.44mm,58.42mm) has been removed. It will be automatically calculated.
        Warning : Junction at (187.96mm,231.14mm) has been removed. It will be automatically calculated.
    EndSection

    Section : Importing Sheet - P16 POWER1.SchDoc
        Warning : Junction at (139.7mm,60.96mm) has been added.
        Warning : Junction at (99.06mm,45.72mm) has been added.
        Warning : Junction at (142.24mm,139.7mm) has been added.
        Warning : Junction at (101.6mm,124.46mm) has been added.
        Warning : Junction at (101.6mm,200.66mm) has been added.
        Warning : Junction at (292.1mm,266.7mm) has been added.
        Warning : Junction at (325.12mm,266.7mm) has been added.
        Warning : Junction at (312.42mm,60.96mm) has been added.
        Warning : Junction at (271.78mm,45.72mm) has been added.
        Warning : Junction at (76.2mm,27.94mm) has been removed. It will be automatically calculated.
        Warning : Junction at (124.46mm,45.72mm) has been removed. It will be automatically calculated.
        Warning : Junction at (132.08mm,30.48mm) has been removed. It will be automatically calculated.
        Warning : Junction at (124.46mm,60.96mm) has been removed. It will be automatically calculated.
        Warning : Junction at (124.46mm,50.8mm) has been removed. It will be automatically calculated.
        Warning : Junction at (45.72mm,45.72mm) has been removed. It will be automatically calculated.
        Warning : Junction at (30.48mm,45.72mm) has been removed. It will be automatically calculated.
        Warning : Junction at (78.74mm,106.68mm) has been removed. It will be automatically calculated.
        Warning : Junction at (134.62mm,109.22mm) has been removed. It will be automatically calculated.
        Warning : Junction at (142.24mm,109.22mm) has been removed. It will be automatically calculated.
        Warning : Junction at (134.62mm,139.7mm) has been removed. It will be automatically calculated.
        Warning : Junction at (55.88mm,124.46mm) has been removed. It will be automatically calculated.
        Warning : Junction at (40.64mm,124.46mm) has been removed. It will be automatically calculated.
        Warning : Junction at (78.74mm,182.88mm) has been removed. It will be automatically calculated.
        Warning : Junction at (134.62mm,200.66mm) has been removed. It will be automatically calculated.
        Warning : Junction at (142.24mm,215.9mm) has been removed. It will be automatically calculated.
        Warning : Junction at (134.62mm,185.42mm) has been removed. It will be automatically calculated.
        Warning : Junction at (134.62mm,215.9mm) has been removed. It will be automatically calculated.
        Warning : Junction at (129.54mm,215.9mm) has been removed. It will be automatically calculated.
        Warning : Junction at (48.26mm,200.66mm) has been removed. It will be automatically calculated.
        Warning : Junction at (33.02mm,200.66mm) has been removed. It will be automatically calculated.
        Warning : Junction at (165.1mm,60.96mm) has been removed. It will be automatically calculated.
        Warning : Junction at (134.62mm,266.7mm) has been removed. It will be automatically calculated.
        Warning : Junction at (180.34mm,271.78mm) has been removed. It will be automatically calculated.
        Warning : Junction at (241.3mm,266.7mm) has been removed. It will be automatically calculated.
        Warning : Junction at (233.68mm,266.7mm) has been removed. It will be automatically calculated.
        Warning : Junction at (152.4mm,60.96mm) has been removed. It will be automatically calculated.
        Warning : Junction at (378.46mm,119.38mm) has been removed. It will be automatically calculated.
        Warning : Junction at (378.46mm,127mm) has been removed. It will be automatically calculated.
        Warning : Junction at (330.2mm,121.92mm) has been removed. It will be automatically calculated.
        Warning : Junction at (304.8mm,121.92mm) has been removed. It will be automatically calculated.
        Warning : Junction at (248.92mm,27.94mm) has been removed. It will be automatically calculated.
        Warning : Junction at (304.8mm,30.48mm) has been removed. It will be automatically calculated.
        Warning : Junction at (300.99mm,60.96mm) has been removed. It will be automatically calculated.
        Warning : Junction at (218.44mm,45.72mm) has been removed. It will be automatically calculated.
        Warning : Junction at (203.2mm,45.72mm) has been removed. It will be automatically calculated.
        Warning : Junction at (248.92mm,205.74mm) has been removed. It will be automatically calculated.
        Warning : Junction at (248.92mm,137.16mm) has been removed. It will be automatically calculated.
        Warning : Junction at (248.92mm,182.88mm) has been removed. It will be automatically calculated.
        Warning : Junction at (248.92mm,160.02mm) has been removed. It will be automatically calculated.
        Warning : Junction at (304.8mm,45.72mm) has been removed. It will be automatically calculated.
        Warning : Junction at (304.8mm,60.96mm) has been removed. It will be automatically calculated.
        Warning : Junction at (304.8mm,50.8mm) has been removed. It will be automatically calculated.
        Warning : Junction at (134.62mm,124.46mm) has been removed. It will be automatically calculated.
        Warning : Junction at (134.62mm,129.54mm) has been removed. It will be automatically calculated.
        Warning : Junction at (254mm,261.62mm) has been removed. It will be automatically calculated.
        Warning : Junction at (134.62mm,205.74mm) has been removed. It will be automatically calculated.
        Warning : Junction at (33.02mm,124.46mm) has been removed. It will be automatically calculated.
        Warning : Junction at (378.46mm,134.62mm) has been removed. It will be automatically calculated.
        Warning : Junction at (309.88mm,175.26mm) has been removed. It will be automatically calculated.
        Warning : Junction at (309.88mm,208.28mm) has been removed. It will be automatically calculated.
        Warning : Junction at (309.88mm,190.5mm) has been removed. It will be automatically calculated.
        Warning : Junction at (287.02mm,208.28mm) has been removed. It will be automatically calculated.
        Warning : Junction at (304.8mm,208.28mm) has been removed. It will be automatically calculated.
        Warning : Junction at (370.84mm,175.26mm) has been removed. It will be automatically calculated.
        Warning : Junction at (370.84mm,190.5mm) has been removed. It will be automatically calculated.
        Warning : Junction at (370.84mm,208.28mm) has been removed. It will be automatically calculated.
        Warning : Junction at (365.76mm,208.28mm) has been removed. It will be automatically calculated.
        Warning : Junction at (347.98mm,208.28mm) has been removed. It will be automatically calculated.
    EndSection

    Section : Importing Sheet - P15 AHD & USBCAM.SchDoc
        Warning : Junction at (231.14mm,76.2mm) has been added.
        Warning : Junction at (246.38mm,76.2mm) has been added.
        Warning : Junction at (147.32mm,165.1mm) has been added.
        Warning : Junction at (322.58mm,76.2mm) has been added.
        Warning : Junction at (289.56mm,261.62mm) has been removed. It will be automatically calculated.
        Warning : Junction at (220.98mm,256.54mm) has been removed. It will be automatically calculated.
        Warning : Junction at (205.74mm,246.38mm) has been removed. It will be automatically calculated.
        Warning : Junction at (185.42mm,76.2mm) has been removed. It will be automatically calculated.
        Warning : Junction at (175.26mm,76.2mm) has been removed. It will be automatically calculated.
        Warning : Junction at (215.9mm,76.2mm) has been removed. It will be automatically calculated.
        Warning : Junction at (231.14mm,58.42mm) has been removed. It will be automatically calculated.
        Warning : Junction at (195.58mm,246.38mm) has been removed. It will be automatically calculated.
        Warning : Junction at (205.74mm,246.38mm) has been removed. It will be automatically calculated.
        Warning : Junction at (50.8mm,241.3mm) has been removed. It will be automatically calculated.
        Warning : Junction at (332.74mm,76.2mm) has been removed. It will be automatically calculated.
        Warning : Junction at (276.86mm,71.12mm) has been removed. It will be automatically calculated.
        Warning : Junction at (137.16mm,76.2mm) has been removed. It will be automatically calculated.
        Warning : Junction at (147.32mm,58.42mm) has been removed. It will be automatically calculated.
        Warning : Junction at (137.16mm,58.42mm) has been removed. It will be automatically calculated.
        Warning : Junction at (134.62mm,48.26mm) has been removed. It will be automatically calculated.
        Warning : Junction at (162.56mm,76.2mm) has been removed. It will be automatically calculated.
        Warning : Junction at (129.54mm,76.2mm) has been removed. It will be automatically calculated.
        Warning : Junction at (116.84mm,76.2mm) has been removed. It will be automatically calculated.
        Warning : Junction at (276.86mm,76.2mm) has been removed. It will be automatically calculated.
    EndSection

    Section : Importing Sheet - P14 FLASH & TF & GSENSO.SchDoc
        Warning : Junction at (307.34mm,254mm) has been removed. It will be automatically calculated.
        Warning : Junction at (314.96mm,254mm) has been removed. It will be automatically calculated.
        Warning : Junction at (330.2mm,233.68mm) has been removed. It will be automatically calculated.
        Warning : Junction at (363.22mm,205.74mm) has been removed. It will be automatically calculated.
        Warning : Junction at (373.38mm,205.74mm) has been removed. It will be automatically calculated.
        Warning : Junction at (368.3mm,205.74mm) has been removed. It will be automatically calculated.
        Warning : Junction at (330.2mm,254mm) has been removed. It will be automatically calculated.
        Warning : Junction at (322.58mm,254mm) has been removed. It will be automatically calculated.
        Warning : Junction at (337.82mm,254mm) has been removed. It will be automatically calculated.
        Warning : Junction at (307.34mm,218.44mm) has been removed. It will be automatically calculated.
        Warning : Junction at (314.96mm,220.98mm) has been removed. It will be automatically calculated.
        Warning : Junction at (322.58mm,223.52mm) has been removed. It will be automatically calculated.
        Warning : Junction at (337.82mm,236.22mm) has been removed. It will be automatically calculated.
        Warning : Junction at (345.44mm,238.76mm) has been removed. It will be automatically calculated.
        Warning : Junction at (83.82mm,233.68mm) has been removed. It will be automatically calculated.
        Warning : Junction at (144.78mm,236.22mm) has been removed. It will be automatically calculated.
        Warning : Junction at (81.28mm,93.98mm) has been removed. It will be automatically calculated.
        Warning : Junction at (132.08mm,119.38mm) has been removed. It will be automatically calculated.
        Warning : Junction at (238.76mm,127mm) has been removed. It will be automatically calculated.
        Warning : Junction at (281.94mm,127mm) has been removed. It will be automatically calculated.
        Warning : Junction at (353.06mm,134.62mm) has been removed. It will be automatically calculated.
        Warning : Junction at (345.44mm,134.62mm) has been removed. It will be automatically calculated.
        Warning : Junction at (238.76mm,236.22mm) has been removed. It will be automatically calculated.
        Warning : Junction at (251.46mm,203.2mm) has been removed. It will be automatically calculated.
        Warning : Junction at (238.76mm,203.2mm) has been removed. It will be automatically calculated.
        Warning : Junction at (238.76mm,190.5mm) has been removed. It will be automatically calculated.
        Warning : Junction at (330.2mm,254mm) has been removed. It will be automatically calculated.
        Warning : Junction at (281.94mm,142.24mm) has been removed. It will be automatically calculated.
        Warning : Junction at (281.94mm,144.78mm) has been removed. It will be automatically calculated.
    EndSection

    Section : Importing Sheet - P13 MIC & AUDIO.SchDoc
        Warning : Junction at (251.46mm,162.56mm) has been added.
        Warning : Junction at (251.46mm,149.86mm) has been added.
        Warning : Junction at (187.96mm,172.72mm) has been removed. It will be automatically calculated.
        Warning : Junction at (198.12mm,172.72mm) has been removed. It will be automatically calculated.
        Warning : Junction at (187.96mm,137.16mm) has been removed. It will be automatically calculated.
        Warning : Junction at (220.98mm,149.86mm) has been removed. It will be automatically calculated.
        Warning : Junction at (134.62mm,83.82mm) has been removed. It will be automatically calculated.
        Warning : Junction at (139.7mm,71.12mm) has been removed. It will be automatically calculated.
        Warning : Junction at (139.7mm,71.12mm) has been removed. It will be automatically calculated.
        Warning : Junction at (104.14mm,88.9mm) has been removed. It will be automatically calculated.
        Warning : Junction at (121.92mm,86.36mm) has been removed. It will be automatically calculated.
        Warning : Junction at (231.14mm,162.56mm) has been removed. It will be automatically calculated.
        Warning : Junction at (175.26mm,45.72mm) has been removed. It will be automatically calculated.
        Warning : Junction at (83.82mm,170.18mm) has been removed. It will be automatically calculated.
        Warning : Junction at (83.82mm,137.16mm) has been removed. It will be automatically calculated.
        Warning : Junction at (111.76mm,167.64mm) has been removed. It will be automatically calculated.
        Warning : Junction at (83.82mm,165.1mm) has been removed. It will be automatically calculated.
        Warning : Junction at (30.48mm,137.16mm) has been removed. It will be automatically calculated.
        Warning : Junction at (38.1mm,137.16mm) has been removed. It will be automatically calculated.
        Warning : Junction at (111.76mm,134.62mm) has been removed. It will be automatically calculated.
        Warning : Junction at (30.48mm,157.48mm) has been removed. It will be automatically calculated.
        Warning : Junction at (40.64mm,157.48mm) has been removed. It will be automatically calculated.
        Warning : Junction at (234.95mm,81.28mm) has been removed. It will be automatically calculated.
    EndSection

    Section : Importing Sheet - P12 MIPI LCD.SchDoc
        Warning : Junction at (162.56mm,170.18mm) has been added.
        Warning : Junction at (119.38mm,256.54mm) has been removed. It will be automatically calculated.
        Warning : Junction at (144.78mm,256.54mm) has been removed. It will be automatically calculated.
        Warning : Junction at (106.68mm,256.54mm) has been removed. It will be automatically calculated.
        Warning : Junction at (175.26mm,256.54mm) has been removed. It will be automatically calculated.
        Warning : Junction at (190.5mm,256.54mm) has been removed. It will be automatically calculated.
        Warning : Junction at (170.18mm,256.54mm) has been removed. It will be automatically calculated.
        Warning : Junction at (121.92mm,236.22mm) has been removed. It will be automatically calculated.
        Warning : Junction at (111.76mm,236.22mm) has been removed. It will be automatically calculated.
        Warning : Junction at (111.76mm,220.98mm) has been removed. It will be automatically calculated.
        Warning : Junction at (96.52mm,256.54mm) has been removed. It will be automatically calculated.
        Warning : Junction at (190.5mm,243.84mm) has been removed. It will be automatically calculated.
        Warning : Junction at (340.36mm,129.54mm) has been removed. It will be automatically calculated.
        Warning : Junction at (340.36mm,121.92mm) has been removed. It will be automatically calculated.
        Warning : Junction at (340.36mm,114.3mm) has been removed. It will be automatically calculated.
        Warning : Junction at (340.36mm,111.76mm) has been removed. It will be automatically calculated.
        Warning : Junction at (340.36mm,106.68mm) has been removed. It will be automatically calculated.
        Warning : Junction at (340.36mm,109.22mm) has been removed. It will be automatically calculated.
        Warning : Junction at (340.36mm,104.14mm) has been removed. It will be automatically calculated.
        Warning : Junction at (340.36mm,101.6mm) has been removed. It will be automatically calculated.
        Warning : Junction at (340.36mm,99.06mm) has been removed. It will be automatically calculated.
        Warning : Junction at (340.36mm,96.52mm) has been removed. It will be automatically calculated.
        Warning : Junction at (340.36mm,93.98mm) has been removed. It will be automatically calculated.
        Warning : Junction at (340.36mm,91.44mm) has been removed. It will be automatically calculated.
        Warning : Junction at (340.36mm,86.36mm) has been removed. It will be automatically calculated.
        Warning : Junction at (340.36mm,88.9mm) has been removed. It will be automatically calculated.
        Warning : Junction at (340.36mm,83.82mm) has been removed. It will be automatically calculated.
        Warning : Junction at (340.36mm,81.28mm) has been removed. It will be automatically calculated.
        Warning : Junction at (340.36mm,78.74mm) has been removed. It will be automatically calculated.
        Warning : Junction at (340.36mm,76.2mm) has been removed. It will be automatically calculated.
        Warning : Junction at (340.36mm,73.66mm) has been removed. It will be automatically calculated.
        Warning : Junction at (340.36mm,71.12mm) has been removed. It will be automatically calculated.
        Warning : Junction at (340.36mm,68.58mm) has been removed. It will be automatically calculated.
        Warning : Junction at (340.36mm,66.04mm) has been removed. It will be automatically calculated.
        Warning : Junction at (340.36mm,63.5mm) has been removed. It will be automatically calculated.
        Warning : Junction at (340.36mm,58.42mm) has been removed. It will be automatically calculated.
        Warning : Junction at (340.36mm,55.88mm) has been removed. It will be automatically calculated.
        Warning : Junction at (340.36mm,53.34mm) has been removed. It will be automatically calculated.
        Warning : Junction at (340.36mm,48.26mm) has been removed. It will be automatically calculated.
        Warning : Junction at (320.04mm,50.8mm) has been removed. It will be automatically calculated.
        Warning : Junction at (320.04mm,45.72mm) has been removed. It will be automatically calculated.
        Warning : Junction at (340.36mm,137.16mm) has been removed. It will be automatically calculated.
        Warning : Junction at (312.42mm,149.86mm) has been removed. It will be automatically calculated.
        Warning : Junction at (106.68mm,170.18mm) has been removed. It will be automatically calculated.
        Warning : Junction at (172.72mm,157.48mm) has been removed. It will be automatically calculated.
        Warning : Junction at (96.52mm,157.48mm) has been removed. It will be automatically calculated.
        Warning : Junction at (172.72mm,170.18mm) has been removed. It will be automatically calculated.
        Warning : Junction at (96.52mm,170.18mm) has been removed. It will be automatically calculated.
        Warning : Junction at (127mm,152.4mm) has been removed. It will be automatically calculated.
        Warning : Junction at (340.36mm,34.29mm) has been removed. It will be automatically calculated.
    EndSection

    Section : Importing Sheet - P11 CMOS SENSOR.SchDoc
        Warning : Junction at (238.76mm,88.9mm) has been added.
        Warning : Junction at (182.88mm,88.9mm) has been removed. It will be automatically calculated.
        Warning : Junction at (248.92mm,88.9mm) has been removed. It will be automatically calculated.
        Warning : Junction at (248.92mm,76.2mm) has been removed. It will be automatically calculated.
        Warning : Junction at (172.72mm,76.2mm) has been removed. It will be automatically calculated.
        Warning : Junction at (172.72mm,88.9mm) has been removed. It will be automatically calculated.
        Warning : Junction at (195.58mm,88.9mm) has been removed. It will be automatically calculated.
        Warning : Junction at (71.12mm,40.64mm) has been removed. It will be automatically calculated.
        Warning : Junction at (208.28mm,124.46mm) has been removed. It will be automatically calculated.
        Warning : Junction at (208.28mm,127mm) has been removed. It will be automatically calculated.
        Warning : Junction at (182.88mm,40.64mm) has been removed. It will be automatically calculated.
        Warning : Junction at (195.58mm,40.64mm) has been removed. It will be automatically calculated.
        Warning : Junction at (205.74mm,27.94mm) has been removed. It will be automatically calculated.
        Warning : Junction at (205.74mm,40.64mm) has been removed. It will be automatically calculated.
    EndSection

    Section : Importing Sheet - P10 PR2000K_MIPI.SchDoc
        Warning : Power Port of type 0 at (233.68mm,203.2mm) was replaced with Arrow style port
        Warning : Power Port of type 0 at (259.08mm,193.04mm) was replaced with Arrow style port
        Warning : Power Port of type 0 at (226.06mm,63.5mm) was replaced with Arrow style port
        Warning : Power Port of type 0 at (226.06mm,96.27mm) was replaced with Arrow style port
        Warning : Power Port of type 0 at (226.06mm,30.48mm) was replaced with Arrow style port
        Warning : Power Port of type 0 at (63.25mm,41.91mm) was replaced with Arrow style port
        Warning : Power Port of type 0 at (58.17mm,41.91mm) was replaced with Arrow style port
        Warning : Power Port of type 0 at (88.9mm,40.64mm) was replaced with Arrow style port
        Warning : Junction at (284.48mm,141.48mm) has been added.
        Warning : Junction at (294.64mm,157.48mm) has been added.
        Warning : Junction at (226.06mm,119.38mm) has been added.
        Warning : Junction at (304.8mm,63.5mm) has been added.
        Warning : Junction at (304.8mm,119.38mm) has been added.
        Warning : Junction at (304.8mm,91.44mm) has been added.
        Warning : Junction at (259.08mm,210.82mm) has been removed. It will be automatically calculated.
        Warning : Junction at (322.58mm,213.36mm) has been removed. It will be automatically calculated.
        Warning : Junction at (322.58mm,210.82mm) has been removed. It will be automatically calculated.
        Warning : Junction at (259.08mm,213.36mm) has been removed. It will be automatically calculated.
        Warning : Junction at (322.58mm,205.74mm) has been removed. It will be automatically calculated.
        Warning : Junction at (322.58mm,208.28mm) has been removed. It will be automatically calculated.
        Warning : Junction at (213.36mm,157.48mm) has been removed. It will be automatically calculated.
        Warning : Junction at (203.2mm,157.48mm) has been removed. It will be automatically calculated.
        Warning : Junction at (284.48mm,157.48mm) has been removed. It will be automatically calculated.
        Warning : Junction at (241.3mm,101.6mm) has been removed. It will be automatically calculated.
        Warning : Junction at (236.22mm,101.6mm) has been removed. It will be automatically calculated.
        Warning : Junction at (231.14mm,119.38mm) has been removed. It will be automatically calculated.
        Warning : Junction at (241.3mm,119.38mm) has been removed. It will be automatically calculated.
        Warning : Junction at (236.22mm,119.38mm) has been removed. It will be automatically calculated.
        Warning : Junction at (203.2mm,119.38mm) has been removed. It will be automatically calculated.
        Warning : Junction at (226.06mm,80.01mm) has been removed. It will be automatically calculated.
        Warning : Junction at (203.2mm,80.01mm) has been removed. It will be automatically calculated.
        Warning : Junction at (226.06mm,101.6mm) has been removed. It will be automatically calculated.
        Warning : Junction at (231.14mm,101.6mm) has been removed. It will be automatically calculated.
        Warning : Junction at (226.06mm,49.28mm) has been removed. It will be automatically calculated.
        Warning : Junction at (261.62mm,119.38mm) has been removed. It will be automatically calculated.
        Warning : Junction at (261.62mm,106.68mm) has been removed. It will be automatically calculated.
        Warning : Junction at (281.94mm,119.38mm) has been removed. It will be automatically calculated.
        Warning : Junction at (271.78mm,119.38mm) has been removed. It will be automatically calculated.
        Warning : Junction at (281.94mm,91.44mm) has been removed. It will be automatically calculated.
        Warning : Junction at (304.8mm,106.68mm) has been removed. It will be automatically calculated.
        Warning : Junction at (304.8mm,78.74mm) has been removed. It will be automatically calculated.
        Warning : Junction at (304.8mm,50.8mm) has been removed. It will be automatically calculated.
        Warning : Junction at (325.12mm,63.5mm) has been removed. It will be automatically calculated.
        Warning : Junction at (314.96mm,63.5mm) has been removed. It will be automatically calculated.
        Warning : Junction at (325.12mm,50.8mm) has been removed. It will be automatically calculated.
        Warning : Junction at (314.96mm,50.8mm) has been removed. It will be automatically calculated.
        Warning : Junction at (109.22mm,134.62mm) has been removed. It will be automatically calculated.
        Warning : Junction at (76.2mm,134.62mm) has been removed. It will be automatically calculated.
        Warning : Junction at (109.22mm,157.48mm) has been removed. It will be automatically calculated.
        Warning : Junction at (96.52mm,157.48mm) has been removed. It will be automatically calculated.
        Warning : Junction at (60.96mm,157.48mm) has been removed. It will be automatically calculated.
    EndSection

    Section : Importing Sheet - P09 DDR3.SchDoc
        Warning : Junction at (6.3in,2.9in) has been removed. It will be automatically calculated.
        Warning : Junction at (5.8in,2.9in) has been removed. It will be automatically calculated.
        Warning : Junction at (6.3in,3.6in) has been removed. It will be automatically calculated.
        Warning : Junction at (5.8in,3.6in) has been removed. It will be automatically calculated.
        Warning : Junction at (6.8in,3.6in) has been removed. It will be automatically calculated.
        Warning : Junction at (6.8in,2.9in) has been removed. It will be automatically calculated.
        Warning : Junction at (8.3in,2.9in) has been removed. It will be automatically calculated.
        Warning : Junction at (7.8in,2.9in) has been removed. It will be automatically calculated.
        Warning : Junction at (7.3in,2.9in) has been removed. It will be automatically calculated.
        Warning : Junction at (7.3in,3.6in) has been removed. It will be automatically calculated.
        Warning : Junction at (8.3in,3.6in) has been removed. It will be automatically calculated.
        Warning : Junction at (7.8in,3.6in) has been removed. It will be automatically calculated.
        Warning : Junction at (5.3in,1.7in) has been removed. It will be automatically calculated.
        Warning : Junction at (12.8in,7.2in) has been removed. It will be automatically calculated.
        Warning : Junction at (11.3in,1.7in) has been removed. It will be automatically calculated.
        Warning : Junction at (6.3in,1.7in) has been removed. It will be automatically calculated.
        Warning : Junction at (5.8in,1.7in) has been removed. It will be automatically calculated.
        Warning : Junction at (6.3in,2.4in) has been removed. It will be automatically calculated.
        Warning : Junction at (5.8in,2.4in) has been removed. It will be automatically calculated.
        Warning : Junction at (5.3in,2.4in) has been removed. It will be automatically calculated.
        Warning : Junction at (6.8in,1.7in) has been removed. It will be automatically calculated.
        Warning : Junction at (7.3in,1.7in) has been removed. It will be automatically calculated.
        Warning : Junction at (7.3in,2.4in) has been removed. It will be automatically calculated.
        Warning : Junction at (6.8in,2.4in) has been removed. It will be automatically calculated.
        Warning : Junction at (8.8in,1.7in) has been removed. It will be automatically calculated.
        Warning : Junction at (8.8in,2.4in) has been removed. It will be automatically calculated.
        Warning : Junction at (9.8in,2.4in) has been removed. It will be automatically calculated.
        Warning : Junction at (9.3in,2.4in) has been removed. It will be automatically calculated.
        Warning : Junction at (9.8in,1.7in) has been removed. It will be automatically calculated.
        Warning : Junction at (9.3in,1.7in) has been removed. It will be automatically calculated.
        Warning : Junction at (8.3in,1.7in) has been removed. It will be automatically calculated.
        Warning : Junction at (7.8in,1.7in) has been removed. It will be automatically calculated.
        Warning : Junction at (8.3in,2.4in) has been removed. It will be automatically calculated.
        Warning : Junction at (7.8in,2.4in) has been removed. It will be automatically calculated.
        Warning : Junction at (8.8in,2.9in) has been removed. It will be automatically calculated.
        Warning : Junction at (8.8in,3.6in) has been removed. It will be automatically calculated.
        Warning : Junction at (10.3in,1.7in) has been removed. It will be automatically calculated.
        Warning : Junction at (10.3in,2.4in) has been removed. It will be automatically calculated.
        Warning : Junction at (10.8in,1.7in) has been removed. It will be automatically calculated.
        Warning : Junction at (10.8in,2.4in) has been removed. It will be automatically calculated.
        Warning : Junction at (12.8in,8.1in) has been removed. It will be automatically calculated.
        Warning : Junction at (13.3in,7.3in) has been removed. It will be automatically calculated.
        Warning : Junction at (9.25in,2.9in) has been removed. It will be automatically calculated.
        Warning : Junction at (4.8in,2.4in) has been removed. It will be automatically calculated.
        Warning : Junction at (2.6in,4.6in) has been removed. It will be automatically calculated.
        Warning : Junction at (2.6in,4.7in) has been removed. It will be automatically calculated.
        Warning : Junction at (2.6in,4.3in) has been removed. It will be automatically calculated.
        Warning : Junction at (5.6in,6in) has been removed. It will be automatically calculated.
        Warning : Junction at (5.6in,6.1in) has been removed. It will be automatically calculated.
        Warning : Junction at (2.6in,4.4in) has been removed. It will be automatically calculated.
        Warning : Junction at (2.6in,4.5in) has been removed. It will be automatically calculated.
        Warning : Junction at (2.6in,4.8in) has been removed. It will be automatically calculated.
        Warning : Junction at (2.6in,4.9in) has been removed. It will be automatically calculated.
        Warning : Junction at (2.6in,5.5in) has been removed. It will be automatically calculated.
        Warning : Junction at (2.6in,5.6in) has been removed. It will be automatically calculated.
        Warning : Junction at (2.6in,5.7in) has been removed. It will be automatically calculated.
        Warning : Junction at (2.6in,5.8in) has been removed. It will be automatically calculated.
        Warning : Junction at (2.6in,5.9in) has been removed. It will be automatically calculated.
        Warning : Junction at (2.6in,5.3in) has been removed. It will be automatically calculated.
        Warning : Junction at (2.6in,5.4in) has been removed. It will be automatically calculated.
        Warning : Junction at (2.6in,5in) has been removed. It will be automatically calculated.
        Warning : Junction at (2.6in,5.1in) has been removed. It will be automatically calculated.
        Warning : Junction at (2.6in,5.2in) has been removed. It will be automatically calculated.
        Warning : Junction at (5.6in,5.7in) has been removed. It will be automatically calculated.
        Warning : Junction at (5.6in,5.8in) has been removed. It will be automatically calculated.
        Warning : Junction at (14in,9.3in) has been removed. It will be automatically calculated.
        Warning : Junction at (5.6in,4.4in) has been removed. It will be automatically calculated.
        Warning : Junction at (5.6in,4.5in) has been removed. It will be automatically calculated.
        Warning : Junction at (5.6in,4.3in) has been removed. It will be automatically calculated.
        Warning : Junction at (5.6in,4.2in) has been removed. It will be automatically calculated.
        Warning : Junction at (5.6in,4.6in) has been removed. It will be automatically calculated.
        Warning : Junction at (5.6in,4.7in) has been removed. It will be automatically calculated.
        Warning : Junction at (5.6in,5in) has been removed. It will be automatically calculated.
        Warning : Junction at (5.6in,4.8in) has been removed. It will be automatically calculated.
        Warning : Junction at (5.6in,4.9in) has been removed. It will be automatically calculated.
        Warning : Junction at (5.6in,5.3in) has been removed. It will be automatically calculated.
        Warning : Junction at (5.6in,5.4in) has been removed. It will be automatically calculated.
        Warning : Junction at (5.6in,5.1in) has been removed. It will be automatically calculated.
        Warning : Junction at (5.6in,5.2in) has been removed. It will be automatically calculated.
        Warning : Junction at (5.6in,5.5in) has been removed. It will be automatically calculated.
        Warning : Junction at (5.6in,5.6in) has been removed. It will be automatically calculated.
        Warning : Junction at (5.6in,5.9in) has been removed. It will be automatically calculated.
        Warning : Junction at (14.7in,9.3in) has been removed. It will be automatically calculated.
        Warning : Junction at (14.7in,8.9in) has been removed. It will be automatically calculated.
        Warning : Junction at (11.5in,6.7in) has been removed. It will be automatically calculated.
        Warning : Junction at (5.5in,6.7in) has been removed. It will be automatically calculated.
        Warning : Junction at (14.7in,8in) has been removed. It will be automatically calculated.
        Warning : Junction at (14.7in,8.3in) has been removed. It will be automatically calculated.
        Warning : Junction at (14.7in,8.6in) has been removed. It will be automatically calculated.
        Warning : Junction at (14in,8.3in) has been removed. It will be automatically calculated.
        Warning : Junction at (14in,8.6in) has been removed. It will be automatically calculated.
        Warning : Junction at (14in,8.9in) has been removed. It will be automatically calculated.
        Warning : Junction at (14in,8in) has been removed. It will be automatically calculated.
        Warning : Junction at (4.8in,3.6in) has been removed. It will be automatically calculated.
        Warning : Junction at (8.6in,4.6in) has been removed. It will be automatically calculated.
        Warning : Junction at (8.6in,4.7in) has been removed. It will be automatically calculated.
        Warning : Junction at (11.6in,6in) has been removed. It will be automatically calculated.
        Warning : Junction at (11.6in,6.1in) has been removed. It will be automatically calculated.
        Warning : Junction at (8.6in,5.9in) has been removed. It will be automatically calculated.
        Warning : Junction at (8.6in,4.3in) has been removed. It will be automatically calculated.
        Warning : Junction at (8.6in,4.4in) has been removed. It will be automatically calculated.
        Warning : Junction at (8.6in,4.5in) has been removed. It will be automatically calculated.
        Warning : Junction at (6.9in,7.2in) has been removed. It will be automatically calculated.
        Warning : Junction at (8.6in,5.7in) has been removed. It will be automatically calculated.
        Warning : Junction at (8.6in,5.8in) has been removed. It will be automatically calculated.
        Warning : Junction at (8.6in,4.8in) has been removed. It will be automatically calculated.
        Warning : Junction at (8.6in,4.9in) has been removed. It will be automatically calculated.
        Warning : Junction at (8.6in,5.3in) has been removed. It will be automatically calculated.
        Warning : Junction at (8.6in,5.4in) has been removed. It will be automatically calculated.
        Warning : Junction at (8.6in,5.5in) has been removed. It will be automatically calculated.
        Warning : Junction at (8.6in,5.6in) has been removed. It will be automatically calculated.
        Warning : Junction at (8.6in,5in) has been removed. It will be automatically calculated.
        Warning : Junction at (8.6in,5.1in) has been removed. It will be automatically calculated.
        Warning : Junction at (8.6in,5.2in) has been removed. It will be automatically calculated.
        Warning : Junction at (7.4in,7.3in) has been removed. It will be automatically calculated.
        Warning : Junction at (6.9in,8.1in) has been removed. It will be automatically calculated.
        Warning : Junction at (11.6in,5.7in) has been removed. It will be automatically calculated.
        Warning : Junction at (11.6in,4.4in) has been removed. It will be automatically calculated.
        Warning : Junction at (11.6in,4.5in) has been removed. It will be automatically calculated.
        Warning : Junction at (11.6in,4.8in) has been removed. It will be automatically calculated.
        Warning : Junction at (11.6in,4.9in) has been removed. It will be automatically calculated.
        Warning : Junction at (11.6in,4.6in) has been removed. It will be automatically calculated.
        Warning : Junction at (11.6in,4.7in) has been removed. It will be automatically calculated.
        Warning : Junction at (11.6in,5.2in) has been removed. It will be automatically calculated.
        Warning : Junction at (11.6in,5.3in) has been removed. It will be automatically calculated.
        Warning : Junction at (11.6in,5.1in) has been removed. It will be automatically calculated.
        Warning : Junction at (11.6in,5in) has been removed. It will be automatically calculated.
        Warning : Junction at (11.6in,4.2in) has been removed. It will be automatically calculated.
        Warning : Junction at (11.6in,4.3in) has been removed. It will be automatically calculated.
        Warning : Junction at (11.6in,5.6in) has been removed. It will be automatically calculated.
        Warning : Junction at (11.6in,5.4in) has been removed. It will be automatically calculated.
        Warning : Junction at (11.6in,5.5in) has been removed. It will be automatically calculated.
        Warning : Junction at (11.6in,5.8in) has been removed. It will be automatically calculated.
        Warning : Junction at (11.6in,5.9in) has been removed. It will be automatically calculated.
        Warning : Junction at (5.3in,3.6in) has been removed. It will be automatically calculated.
        Warning : Junction at (5.3in,2.9in) has been removed. It will be automatically calculated.
    EndSection

    Section : Importing Sheet - P08 CPU_4.SchDoc
        Warning : Junction at (152.4mm,241.3mm) has been added.
        Warning : Junction at (355.6mm,190.5mm) has been added.
        Warning : Junction at (317.5mm,71.12mm) has been added.
        Warning : Junction at (317.5mm,71.12mm) has been added.
        Warning : Junction at (137.16mm,218.44mm) has been removed. It will be automatically calculated.
        Warning : Junction at (129.54mm,241.3mm) has been removed. It will be automatically calculated.
        Warning : Junction at (116.84mm,241.3mm) has been removed. It will be automatically calculated.
        Warning : Junction at (312.42mm,172.72mm) has been removed. It will be automatically calculated.
        Warning : Junction at (337.82mm,172.72mm) has been removed. It will be automatically calculated.
        Warning : Junction at (251.46mm,226.06mm) has been removed. It will be automatically calculated.
        Warning : Junction at (251.46mm,198.12mm) has been removed. It will be automatically calculated.
        Warning : Junction at (147.32mm,91.44mm) has been removed. It will be automatically calculated.
        Warning : Junction at (187.96mm,60.96mm) has been removed. It will be automatically calculated.
        Warning : Junction at (187.96mm,91.44mm) has been removed. It will be automatically calculated.
        Warning : Junction at (147.32mm,60.96mm) has been removed. It will be automatically calculated.
        Warning : Junction at (48.26mm,86.36mm) has been removed. It will be automatically calculated.
        Warning : Junction at (71.12mm,86.36mm) has been removed. It will be automatically calculated.
        Warning : Junction at (317.5mm,58.42mm) has been removed. It will be automatically calculated.
        Warning : Junction at (307.34mm,83.82mm) has been removed. It will be automatically calculated.
        Warning : Junction at (307.34mm,71.12mm) has been removed. It will be automatically calculated.
        Warning : Junction at (330.2mm,71.12mm) has been removed. It will be automatically calculated.
    EndSection

    Section : Importing Sheet - P07 CPU_3.SchDoc
        Warning : Junction at (3.5in,9.1in) has been added.
        Warning : Junction at (1.3in,9.2in) has been removed. It will be automatically calculated.
        Warning : Junction at (1.3in,9.1in) has been removed. It will be automatically calculated.
        Warning : Junction at (1.3in,9in) has been removed. It will be automatically calculated.
        Warning : Junction at (1.3in,8.9in) has been removed. It will be automatically calculated.
        Warning : Junction at (1.3in,8.8in) has been removed. It will be automatically calculated.
        Warning : Junction at (1.3in,8.7in) has been removed. It will be automatically calculated.
        Warning : Junction at (1.3in,8.6in) has been removed. It will be automatically calculated.
        Warning : Junction at (1.3in,8.5in) has been removed. It will be automatically calculated.
        Warning : Junction at (1.3in,8.4in) has been removed. It will be automatically calculated.
        Warning : Junction at (1.3in,8.3in) has been removed. It will be automatically calculated.
        Warning : Junction at (1.3in,8.2in) has been removed. It will be automatically calculated.
        Warning : Junction at (1.3in,6.9in) has been removed. It will be automatically calculated.
        Warning : Junction at (1.3in,6.7in) has been removed. It will be automatically calculated.
        Warning : Junction at (1.3in,5.5in) has been removed. It will be automatically calculated.
        Warning : Junction at (1.3in,6.2in) has been removed. It will be automatically calculated.
        Warning : Junction at (1.3in,6.1in) has been removed. It will be automatically calculated.
        Warning : Junction at (1.3in,6in) has been removed. It will be automatically calculated.
        Warning : Junction at (1.3in,5.9in) has been removed. It will be automatically calculated.
        Warning : Junction at (1.3in,5.8in) has been removed. It will be automatically calculated.
        Warning : Junction at (1.3in,5.7in) has been removed. It will be automatically calculated.
        Warning : Junction at (1.3in,5.6in) has been removed. It will be automatically calculated.
        Warning : Junction at (3.5in,8.8in) has been removed. It will be automatically calculated.
        Warning : Junction at (3.5in,8.6in) has been removed. It will be automatically calculated.
        Warning : Junction at (3.5in,7.2in) has been removed. It will be automatically calculated.
        Warning : Junction at (3.5in,7.3in) has been removed. It will be automatically calculated.
        Warning : Junction at (3.5in,7.4in) has been removed. It will be automatically calculated.
        Warning : Junction at (3.5in,7.6in) has been removed. It will be automatically calculated.
        Warning : Junction at (3.5in,7.5in) has been removed. It will be automatically calculated.
        Warning : Junction at (3.5in,7.7in) has been removed. It will be automatically calculated.
        Warning : Junction at (3.5in,7.8in) has been removed. It will be automatically calculated.
        Warning : Junction at (3.5in,7.9in) has been removed. It will be automatically calculated.
        Warning : Junction at (3.5in,8.1in) has been removed. It will be automatically calculated.
        Warning : Junction at (3.5in,8in) has been removed. It will be automatically calculated.
        Warning : Junction at (3.5in,8.2in) has been removed. It will be automatically calculated.
        Warning : Junction at (3.5in,8.4in) has been removed. It will be automatically calculated.
        Warning : Junction at (3.5in,8.3in) has been removed. It will be automatically calculated.
        Warning : Junction at (3.5in,8.5in) has been removed. It will be automatically calculated.
        Warning : Junction at (3.5in,7in) has been removed. It will be automatically calculated.
        Warning : Junction at (3.5in,6.8in) has been removed. It will be automatically calculated.
        Warning : Junction at (3.5in,6.7in) has been removed. It will be automatically calculated.
        Warning : Junction at (5.7in,9in) has been removed. It will be automatically calculated.
        Warning : Junction at (5.7in,9.1in) has been removed. It will be automatically calculated.
        Warning : Junction at (5.7in,8.8in) has been removed. It will be automatically calculated.
        Warning : Junction at (5.7in,8.9in) has been removed. It will be automatically calculated.
        Warning : Junction at (5.7in,8.2in) has been removed. It will be automatically calculated.
        Warning : Junction at (5.7in,8.3in) has been removed. It will be automatically calculated.
        Warning : Junction at (5.7in,7.8in) has been removed. It will be automatically calculated.
        Warning : Junction at (5.7in,7.9in) has been removed. It will be automatically calculated.
        Warning : Junction at (5.7in,7.4in) has been removed. It will be automatically calculated.
        Warning : Junction at (5.7in,7.3in) has been removed. It will be automatically calculated.
        Warning : Junction at (5.7in,8.7in) has been removed. It will be automatically calculated.
        Warning : Junction at (5.7in,8.4in) has been removed. It will be automatically calculated.
        Warning : Junction at (5.7in,8.6in) has been removed. It will be automatically calculated.
        Warning : Junction at (5.7in,8.5in) has been removed. It will be automatically calculated.
        Warning : Junction at (5.7in,7.6in) has been removed. It will be automatically calculated.
        Warning : Junction at (5.7in,7.7in) has been removed. It will be automatically calculated.
        Warning : Junction at (5.7in,7.2in) has been removed. It will be automatically calculated.
        Warning : Junction at (5.7in,7.1in) has been removed. It will be automatically calculated.
        Warning : Junction at (5.7in,5.7in) has been removed. It will be automatically calculated.
        Warning : Junction at (5.7in,5.6in) has been removed. It will be automatically calculated.
        Warning : Junction at (5.7in,5.8in) has been removed. It will be automatically calculated.
        Warning : Junction at (5.7in,5.9in) has been removed. It will be automatically calculated.
        Warning : Junction at (5.7in,6in) has been removed. It will be automatically calculated.
        Warning : Junction at (5.7in,6.1in) has been removed. It will be automatically calculated.
        Warning : Junction at (5.7in,6.2in) has been removed. It will be automatically calculated.
        Warning : Junction at (5.7in,6.3in) has been removed. It will be automatically calculated.
        Warning : Junction at (5.7in,6.4in) has been removed. It will be automatically calculated.
        Warning : Junction at (5.7in,6.5in) has been removed. It will be automatically calculated.
        Warning : Junction at (5.7in,6.6in) has been removed. It will be automatically calculated.
        Warning : Junction at (5.7in,6.7in) has been removed. It will be automatically calculated.
        Warning : Junction at (5.7in,6.8in) has been removed. It will be automatically calculated.
        Warning : Junction at (7.6in,5.7in) has been removed. It will be automatically calculated.
        Warning : Junction at (7.6in,5.8in) has been removed. It will be automatically calculated.
        Warning : Junction at (7.6in,5.9in) has been removed. It will be automatically calculated.
        Warning : Junction at (7.6in,6in) has been removed. It will be automatically calculated.
        Warning : Junction at (7.6in,6.1in) has been removed. It will be automatically calculated.
        Warning : Junction at (7.6in,6.2in) has been removed. It will be automatically calculated.
        Warning : Junction at (7.6in,6.3in) has been removed. It will be automatically calculated.
        Warning : Junction at (7.6in,6.5in) has been removed. It will be automatically calculated.
        Warning : Junction at (7.6in,6.4in) has been removed. It will be automatically calculated.
        Warning : Junction at (7.6in,6.6in) has been removed. It will be automatically calculated.
        Warning : Junction at (7.6in,6.7in) has been removed. It will be automatically calculated.
        Warning : Junction at (7.6in,6.8in) has been removed. It will be automatically calculated.
        Warning : Junction at (7.6in,6.9in) has been removed. It will be automatically calculated.
        Warning : Junction at (7.6in,7in) has been removed. It will be automatically calculated.
        Warning : Junction at (7.6in,7.1in) has been removed. It will be automatically calculated.
        Warning : Junction at (7.6in,7.2in) has been removed. It will be automatically calculated.
        Warning : Junction at (7.6in,7.3in) has been removed. It will be automatically calculated.
        Warning : Junction at (7.6in,7.4in) has been removed. It will be automatically calculated.
        Warning : Junction at (7.6in,7.5in) has been removed. It will be automatically calculated.
        Warning : Junction at (7.6in,7.6in) has been removed. It will be automatically calculated.
        Warning : Junction at (7.6in,7.7in) has been removed. It will be automatically calculated.
        Warning : Junction at (7.6in,7.8in) has been removed. It will be automatically calculated.
        Warning : Junction at (7.6in,7.9in) has been removed. It will be automatically calculated.
        Warning : Junction at (7.6in,8in) has been removed. It will be automatically calculated.
        Warning : Junction at (7.6in,8.1in) has been removed. It will be automatically calculated.
        Warning : Junction at (7.6in,8.2in) has been removed. It will be automatically calculated.
        Warning : Junction at (7.6in,8.3in) has been removed. It will be automatically calculated.
        Warning : Junction at (7.6in,8.4in) has been removed. It will be automatically calculated.
        Warning : Junction at (7.6in,8.5in) has been removed. It will be automatically calculated.
        Warning : Junction at (7.6in,8.6in) has been removed. It will be automatically calculated.
        Warning : Junction at (7.6in,8.7in) has been removed. It will be automatically calculated.
        Warning : Junction at (7.6in,8.8in) has been removed. It will be automatically calculated.
        Warning : Junction at (7.6in,8.9in) has been removed. It will be automatically calculated.
        Warning : Junction at (7.6in,9in) has been removed. It will be automatically calculated.
        Warning : Junction at (10.2in,5.6in) has been removed. It will be automatically calculated.
        Warning : Junction at (10.2in,5.7in) has been removed. It will be automatically calculated.
        Warning : Junction at (10.2in,5.8in) has been removed. It will be automatically calculated.
        Warning : Junction at (10.2in,5.9in) has been removed. It will be automatically calculated.
        Warning : Junction at (10.2in,6in) has been removed. It will be automatically calculated.
        Warning : Junction at (10.2in,6.1in) has been removed. It will be automatically calculated.
        Warning : Junction at (10.2in,6.2in) has been removed. It will be automatically calculated.
        Warning : Junction at (10.2in,6.3in) has been removed. It will be automatically calculated.
        Warning : Junction at (10.2in,6.4in) has been removed. It will be automatically calculated.
        Warning : Junction at (10.2in,6.5in) has been removed. It will be automatically calculated.
        Warning : Junction at (10.2in,6.6in) has been removed. It will be automatically calculated.
        Warning : Junction at (10.2in,6.7in) has been removed. It will be automatically calculated.
        Warning : Junction at (10.2in,6.8in) has been removed. It will be automatically calculated.
        Warning : Junction at (10.2in,6.9in) has been removed. It will be automatically calculated.
        Warning : Junction at (10.2in,7in) has been removed. It will be automatically calculated.
        Warning : Junction at (10.2in,7.1in) has been removed. It will be automatically calculated.
        Warning : Junction at (10.2in,7.2in) has been removed. It will be automatically calculated.
        Warning : Junction at (10.2in,7.3in) has been removed. It will be automatically calculated.
        Warning : Junction at (10.2in,7.4in) has been removed. It will be automatically calculated.
        Warning : Junction at (10.2in,7.6in) has been removed. It will be automatically calculated.
        Warning : Junction at (10.2in,7.5in) has been removed. It will be automatically calculated.
        Warning : Junction at (10.2in,7.7in) has been removed. It will be automatically calculated.
        Warning : Junction at (10.2in,7.8in) has been removed. It will be automatically calculated.
        Warning : Junction at (10.2in,7.9in) has been removed. It will be automatically calculated.
        Warning : Junction at (10.2in,8in) has been removed. It will be automatically calculated.
        Warning : Junction at (10.2in,8.1in) has been removed. It will be automatically calculated.
        Warning : Junction at (10.2in,8.2in) has been removed. It will be automatically calculated.
        Warning : Junction at (10.2in,8.3in) has been removed. It will be automatically calculated.
        Warning : Junction at (10.2in,8.4in) has been removed. It will be automatically calculated.
        Warning : Junction at (10.2in,8.5in) has been removed. It will be automatically calculated.
        Warning : Junction at (10.2in,8.7in) has been removed. It will be automatically calculated.
        Warning : Junction at (10.2in,8.6in) has been removed. It will be automatically calculated.
        Warning : Junction at (10.2in,8.8in) has been removed. It will be automatically calculated.
        Warning : Junction at (10.2in,8.9in) has been removed. It will be automatically calculated.
        Warning : Junction at (10.2in,9in) has been removed. It will be automatically calculated.
        Warning : Junction at (8.8in,5.6in) has been removed. It will be automatically calculated.
        Warning : Junction at (8.8in,5.7in) has been removed. It will be automatically calculated.
        Warning : Junction at (8.8in,5.8in) has been removed. It will be automatically calculated.
        Warning : Junction at (8.8in,5.9in) has been removed. It will be automatically calculated.
        Warning : Junction at (8.8in,6in) has been removed. It will be automatically calculated.
        Warning : Junction at (8.8in,6.1in) has been removed. It will be automatically calculated.
        Warning : Junction at (8.8in,6.2in) has been removed. It will be automatically calculated.
        Warning : Junction at (8.8in,6.3in) has been removed. It will be automatically calculated.
        Warning : Junction at (8.8in,6.4in) has been removed. It will be automatically calculated.
        Warning : Junction at (8.8in,6.5in) has been removed. It will be automatically calculated.
        Warning : Junction at (8.8in,6.6in) has been removed. It will be automatically calculated.
        Warning : Junction at (8.8in,6.8in) has been removed. It will be automatically calculated.
        Warning : Junction at (8.8in,6.7in) has been removed. It will be automatically calculated.
        Warning : Junction at (8.8in,6.9in) has been removed. It will be automatically calculated.
        Warning : Junction at (8.8in,7in) has been removed. It will be automatically calculated.
        Warning : Junction at (8.8in,7.1in) has been removed. It will be automatically calculated.
        Warning : Junction at (8.8in,7.2in) has been removed. It will be automatically calculated.
        Warning : Junction at (8.8in,7.3in) has been removed. It will be automatically calculated.
        Warning : Junction at (8.8in,7.4in) has been removed. It will be automatically calculated.
        Warning : Junction at (8.8in,7.5in) has been removed. It will be automatically calculated.
        Warning : Junction at (8.8in,7.6in) has been removed. It will be automatically calculated.
        Warning : Junction at (8.8in,7.7in) has been removed. It will be automatically calculated.
        Warning : Junction at (8.8in,7.8in) has been removed. It will be automatically calculated.
        Warning : Junction at (8.8in,7.9in) has been removed. It will be automatically calculated.
        Warning : Junction at (8.8in,8in) has been removed. It will be automatically calculated.
        Warning : Junction at (8.8in,8.1in) has been removed. It will be automatically calculated.
        Warning : Junction at (8.8in,8.2in) has been removed. It will be automatically calculated.
        Warning : Junction at (8.8in,8.3in) has been removed. It will be automatically calculated.
        Warning : Junction at (8.8in,8.4in) has been removed. It will be automatically calculated.
        Warning : Junction at (8.8in,8.5in) has been removed. It will be automatically calculated.
        Warning : Junction at (8.8in,8.6in) has been removed. It will be automatically calculated.
        Warning : Junction at (8.8in,8.7in) has been removed. It will be automatically calculated.
        Warning : Junction at (8.8in,8.8in) has been removed. It will be automatically calculated.
        Warning : Junction at (8.8in,8.9in) has been removed. It will be automatically calculated.
        Warning : Junction at (8.8in,9in) has been removed. It will be automatically calculated.
        Warning : Junction at (12.5in,5.6in) has been removed. It will be automatically calculated.
        Warning : Junction at (12.5in,5.7in) has been removed. It will be automatically calculated.
        Warning : Junction at (12.5in,5.8in) has been removed. It will be automatically calculated.
        Warning : Junction at (12.5in,5.9in) has been removed. It will be automatically calculated.
        Warning : Junction at (12.5in,6in) has been removed. It will be automatically calculated.
        Warning : Junction at (12.5in,6.1in) has been removed. It will be automatically calculated.
        Warning : Junction at (12.5in,6.2in) has been removed. It will be automatically calculated.
        Warning : Junction at (12.5in,6.3in) has been removed. It will be automatically calculated.
        Warning : Junction at (12.5in,6.4in) has been removed. It will be automatically calculated.
        Warning : Junction at (12.5in,6.5in) has been removed. It will be automatically calculated.
        Warning : Junction at (12.5in,6.6in) has been removed. It will be automatically calculated.
        Warning : Junction at (12.5in,6.7in) has been removed. It will be automatically calculated.
        Warning : Junction at (12.5in,6.8in) has been removed. It will be automatically calculated.
        Warning : Junction at (12.5in,6.9in) has been removed. It will be automatically calculated.
        Warning : Junction at (12.5in,7in) has been removed. It will be automatically calculated.
        Warning : Junction at (12.5in,7.1in) has been removed. It will be automatically calculated.
        Warning : Junction at (12.5in,7.2in) has been removed. It will be automatically calculated.
        Warning : Junction at (12.5in,7.3in) has been removed. It will be automatically calculated.
        Warning : Junction at (12.5in,7.4in) has been removed. It will be automatically calculated.
        Warning : Junction at (12.5in,7.5in) has been removed. It will be automatically calculated.
        Warning : Junction at (12.5in,7.6in) has been removed. It will be automatically calculated.
        Warning : Junction at (12.5in,7.7in) has been removed. It will be automatically calculated.
        Warning : Junction at (12.5in,7.8in) has been removed. It will be automatically calculated.
        Warning : Junction at (12.5in,7.9in) has been removed. It will be automatically calculated.
        Warning : Junction at (12.5in,8in) has been removed. It will be automatically calculated.
        Warning : Junction at (12.5in,8.1in) has been removed. It will be automatically calculated.
        Warning : Junction at (12.5in,8.2in) has been removed. It will be automatically calculated.
        Warning : Junction at (12.5in,8.3in) has been removed. It will be automatically calculated.
        Warning : Junction at (12.5in,8.4in) has been removed. It will be automatically calculated.
        Warning : Junction at (12.5in,8.5in) has been removed. It will be automatically calculated.
        Warning : Junction at (12.5in,8.6in) has been removed. It will be automatically calculated.
        Warning : Junction at (12.5in,8.7in) has been removed. It will be automatically calculated.
        Warning : Junction at (12.5in,8.8in) has been removed. It will be automatically calculated.
        Warning : Junction at (12.5in,8.9in) has been removed. It will be automatically calculated.
        Warning : Junction at (12.5in,9in) has been removed. It will be automatically calculated.
        Warning : Junction at (11.1in,5.6in) has been removed. It will be automatically calculated.
        Warning : Junction at (11.1in,5.7in) has been removed. It will be automatically calculated.
        Warning : Junction at (11.1in,5.8in) has been removed. It will be automatically calculated.
        Warning : Junction at (11.1in,5.9in) has been removed. It will be automatically calculated.
        Warning : Junction at (11.1in,6in) has been removed. It will be automatically calculated.
        Warning : Junction at (11.1in,6.1in) has been removed. It will be automatically calculated.
        Warning : Junction at (11.1in,6.2in) has been removed. It will be automatically calculated.
        Warning : Junction at (11.1in,6.3in) has been removed. It will be automatically calculated.
        Warning : Junction at (11.1in,6.4in) has been removed. It will be automatically calculated.
        Warning : Junction at (11.1in,6.5in) has been removed. It will be automatically calculated.
        Warning : Junction at (11.1in,6.6in) has been removed. It will be automatically calculated.
        Warning : Junction at (11.1in,6.7in) has been removed. It will be automatically calculated.
        Warning : Junction at (11.1in,6.8in) has been removed. It will be automatically calculated.
        Warning : Junction at (11.1in,6.9in) has been removed. It will be automatically calculated.
        Warning : Junction at (11.1in,7in) has been removed. It will be automatically calculated.
        Warning : Junction at (11.1in,7.1in) has been removed. It will be automatically calculated.
        Warning : Junction at (11.1in,7.2in) has been removed. It will be automatically calculated.
        Warning : Junction at (11.1in,7.3in) has been removed. It will be automatically calculated.
        Warning : Junction at (11.1in,7.4in) has been removed. It will be automatically calculated.
        Warning : Junction at (11.1in,7.5in) has been removed. It will be automatically calculated.
        Warning : Junction at (11.1in,7.6in) has been removed. It will be automatically calculated.
        Warning : Junction at (11.1in,7.7in) has been removed. It will be automatically calculated.
        Warning : Junction at (11.1in,7.8in) has been removed. It will be automatically calculated.
        Warning : Junction at (11.1in,7.9in) has been removed. It will be automatically calculated.
        Warning : Junction at (11.1in,8in) has been removed. It will be automatically calculated.
        Warning : Junction at (11.1in,8.1in) has been removed. It will be automatically calculated.
        Warning : Junction at (11.1in,8.2in) has been removed. It will be automatically calculated.
        Warning : Junction at (11.1in,8.3in) has been removed. It will be automatically calculated.
        Warning : Junction at (11.1in,8.4in) has been removed. It will be automatically calculated.
        Warning : Junction at (11.1in,8.5in) has been removed. It will be automatically calculated.
        Warning : Junction at (11.1in,8.6in) has been removed. It will be automatically calculated.
        Warning : Junction at (11.1in,8.7in) has been removed. It will be automatically calculated.
        Warning : Junction at (11.1in,8.8in) has been removed. It will be automatically calculated.
        Warning : Junction at (11.1in,8.9in) has been removed. It will be automatically calculated.
        Warning : Junction at (11.1in,9in) has been removed. It will be automatically calculated.
        Warning : Junction at (12.5in,2.4in) has been removed. It will be automatically calculated.
        Warning : Junction at (12.5in,2.5in) has been removed. It will be automatically calculated.
        Warning : Junction at (12.5in,2.6in) has been removed. It will be automatically calculated.
        Warning : Junction at (12.5in,2.7in) has been removed. It will be automatically calculated.
        Warning : Junction at (12.5in,2.8in) has been removed. It will be automatically calculated.
        Warning : Junction at (12.5in,2.9in) has been removed. It will be automatically calculated.
        Warning : Junction at (12.5in,3.1in) has been removed. It will be automatically calculated.
        Warning : Junction at (12.5in,3in) has been removed. It will be automatically calculated.
        Warning : Junction at (12.5in,3.2in) has been removed. It will be automatically calculated.
        Warning : Junction at (12.5in,3.3in) has been removed. It will be automatically calculated.
        Warning : Junction at (12.5in,3.4in) has been removed. It will be automatically calculated.
        Warning : Junction at (12.5in,3.5in) has been removed. It will be automatically calculated.
        Warning : Junction at (12.5in,3.6in) has been removed. It will be automatically calculated.
        Warning : Junction at (12.5in,3.7in) has been removed. It will be automatically calculated.
        Warning : Junction at (12.5in,3.8in) has been removed. It will be automatically calculated.
        Warning : Junction at (12.5in,3.9in) has been removed. It will be automatically calculated.
        Warning : Junction at (12.5in,4in) has been removed. It will be automatically calculated.
        Warning : Junction at (12.5in,4.1in) has been removed. It will be automatically calculated.
        Warning : Junction at (12.5in,4.2in) has been removed. It will be automatically calculated.
        Warning : Junction at (12.5in,4.3in) has been removed. It will be automatically calculated.
        Warning : Junction at (11.1in,2.4in) has been removed. It will be automatically calculated.
        Warning : Junction at (11.1in,2.5in) has been removed. It will be automatically calculated.
        Warning : Junction at (11.1in,2.6in) has been removed. It will be automatically calculated.
        Warning : Junction at (11.1in,2.7in) has been removed. It will be automatically calculated.
        Warning : Junction at (11.1in,2.8in) has been removed. It will be automatically calculated.
        Warning : Junction at (11.1in,2.9in) has been removed. It will be automatically calculated.
        Warning : Junction at (11.1in,3in) has been removed. It will be automatically calculated.
        Warning : Junction at (11.1in,3.1in) has been removed. It will be automatically calculated.
        Warning : Junction at (11.1in,3.2in) has been removed. It will be automatically calculated.
        Warning : Junction at (11.1in,3.3in) has been removed. It will be automatically calculated.
        Warning : Junction at (11.1in,3.4in) has been removed. It will be automatically calculated.
        Warning : Junction at (11.1in,3.5in) has been removed. It will be automatically calculated.
        Warning : Junction at (11.1in,3.6in) has been removed. It will be automatically calculated.
        Warning : Junction at (11.1in,3.7in) has been removed. It will be automatically calculated.
        Warning : Junction at (11.1in,3.8in) has been removed. It will be automatically calculated.
        Warning : Junction at (11.1in,3.9in) has been removed. It will be automatically calculated.
        Warning : Junction at (11.1in,4in) has been removed. It will be automatically calculated.
        Warning : Junction at (11.1in,4.1in) has been removed. It will be automatically calculated.
        Warning : Junction at (11.1in,4.2in) has been removed. It will be automatically calculated.
        Warning : Junction at (11.1in,4.3in) has been removed. It will be automatically calculated.
        Warning : Junction at (5.7in,8.1in) has been removed. It will be automatically calculated.
        Warning : Junction at (1.3in,7.2in) has been removed. It will be automatically calculated.
        Warning : Junction at (1.3in,7.3in) has been removed. It will be automatically calculated.
        Warning : Junction at (1.3in,7.3in) has been removed. It will be automatically calculated.
        Warning : Junction at (1.3in,7.4in) has been removed. It will be automatically calculated.
        Warning : Junction at (1.3in,7.4in) has been removed. It will be automatically calculated.
        Warning : Junction at (1.3in,7.5in) has been removed. It will be automatically calculated.
        Warning : Junction at (1.3in,7.6in) has been removed. It will be automatically calculated.
        Warning : Junction at (1.3in,7.6in) has been removed. It will be automatically calculated.
        Warning : Junction at (1.3in,7.7in) has been removed. It will be automatically calculated.
        Warning : Junction at (1.3in,7.8in) has been removed. It will be automatically calculated.
        Warning : Junction at (1.3in,7.7in) has been removed. It will be automatically calculated.
        Warning : Junction at (1.3in,7.9in) has been removed. It will be automatically calculated.
        Warning : Junction at (1.3in,7.8in) has been removed. It will be automatically calculated.
        Warning : Junction at (1.4in,4.4in) has been removed. It will be automatically calculated.
        Warning : Junction at (1in,4.4in) has been removed. It will be automatically calculated.
        Warning : Junction at (1.4in,3.9in) has been removed. It will be automatically calculated.
        Warning : Junction at (1in,3.9in) has been removed. It will be automatically calculated.
        Warning : Junction at (1.8in,3.9in) has been removed. It will be automatically calculated.
        Warning : Junction at (1.4in,3.9in) has been removed. It will be automatically calculated.
        Warning : Junction at (1.8in,4.4in) has been removed. It will be automatically calculated.
        Warning : Junction at (1.4in,4.4in) has been removed. It will be automatically calculated.
        Warning : Junction at (2.2in,3.9in) has been removed. It will be automatically calculated.
        Warning : Junction at (1.8in,4.4in) has been removed. It will be automatically calculated.
        Warning : Junction at (2.2in,4.4in) has been removed. It will be automatically calculated.
        Warning : Junction at (1.8in,3.9in) has been removed. It will be automatically calculated.
        Warning : Junction at (3in,3.1in) has been removed. It will be automatically calculated.
        Warning : Junction at (1.8in,3.1in) has been removed. It will be automatically calculated.
        Warning : Junction at (2.2in,3.1in) has been removed. It will be automatically calculated.
        Warning : Junction at (1.8in,2.6in) has been removed. It will be automatically calculated.
        Warning : Junction at (1.4in,3.1in) has been removed. It will be automatically calculated.
        Warning : Junction at (1in,3.1in) has been removed. It will be automatically calculated.
        Warning : Junction at (1.4in,2.6in) has been removed. It will be automatically calculated.
        Warning : Junction at (1in,2.6in) has been removed. It will be automatically calculated.
        Warning : Junction at (1.8in,2.6in) has been removed. It will be automatically calculated.
        Warning : Junction at (1.4in,2.6in) has been removed. It will be automatically calculated.
        Warning : Junction at (1.8in,3.1in) has been removed. It will be automatically calculated.
        Warning : Junction at (1.4in,3.1in) has been removed. It will be automatically calculated.
        Warning : Junction at (2.6in,2.6in) has been removed. It will be automatically calculated.
        Warning : Junction at (2.2in,2.6in) has been removed. It will be automatically calculated.
        Warning : Junction at (2.6in,3.1in) has been removed. It will be automatically calculated.
        Warning : Junction at (1.8in,1.8in) has been removed. It will be automatically calculated.
        Warning : Junction at (2.2in,1.8in) has been removed. It will be automatically calculated.
        Warning : Junction at (1.8in,1.3in) has been removed. It will be automatically calculated.
        Warning : Junction at (1.4in,1.8in) has been removed. It will be automatically calculated.
        Warning : Junction at (1in,1.8in) has been removed. It will be automatically calculated.
        Warning : Junction at (1.4in,1.3in) has been removed. It will be automatically calculated.
        Warning : Junction at (1in,1.3in) has been removed. It will be automatically calculated.
        Warning : Junction at (1.8in,1.3in) has been removed. It will be automatically calculated.
        Warning : Junction at (1.4in,1.3in) has been removed. It will be automatically calculated.
        Warning : Junction at (1.8in,1.8in) has been removed. It will be automatically calculated.
        Warning : Junction at (1.4in,1.8in) has been removed. It will be automatically calculated.
        Warning : Junction at (2.6in,1.3in) has been removed. It will be automatically calculated.
        Warning : Junction at (2.2in,1.3in) has been removed. It will be automatically calculated.
        Warning : Junction at (3in,1.8in) has been removed. It will be automatically calculated.
        Warning : Junction at (2.6in,1.8in) has been removed. It will be automatically calculated.
        Warning : Junction at (3.8in,1.3in) has been removed. It will be automatically calculated.
        Warning : Junction at (3in,1.3in) has been removed. It will be automatically calculated.
        Warning : Junction at (3.8in,1.8in) has been removed. It will be automatically calculated.
        Warning : Junction at (3.4in,1.8in) has been removed. It will be automatically calculated.
        Warning : Junction at (4.2in,1.8in) has been removed. It will be automatically calculated.
        Warning : Junction at (4.2in,1.3in) has been removed. It will be automatically calculated.
        Warning : Junction at (3.4in,1.3in) has been removed. It will be automatically calculated.
        Warning : Junction at (3.5in,6.5in) has been removed. It will be automatically calculated.
        Warning : Junction at (7.8in,1.3in) has been removed. It will be automatically calculated.
        Warning : Junction at (8.2in,1.8in) has been removed. It will be automatically calculated.
        Warning : Junction at (7.8in,1.8in) has been removed. It will be automatically calculated.
        Warning : Junction at (8.2in,1.3in) has been removed. It will be automatically calculated.
        Warning : Junction at (3.7in,4.4in) has been removed. It will be automatically calculated.
        Warning : Junction at (3.7in,3.9in) has been removed. It will be automatically calculated.
        Warning : Junction at (8.6in,1.8in) has been removed. It will be automatically calculated.
        Warning : Junction at (4.1in,4.4in) has been removed. It will be automatically calculated.
        Warning : Junction at (4.1in,3.9in) has been removed. It will be automatically calculated.
        Warning : Junction at (3in,2.6in) has been removed. It will be automatically calculated.
        Warning : Junction at (9.4in,1.8in) has been removed. It will be automatically calculated.
        Warning : Junction at (9.8in,1.8in) has been removed. It will be automatically calculated.
        Warning : Junction at (9.8in,1.3in) has been removed. It will be automatically calculated.
        Warning : Junction at (3.3in,3.9in) has been removed. It will be automatically calculated.
        Warning : Junction at (3.3in,4.4in) has been removed. It will be automatically calculated.
    EndSection

    Section : Importing Sheet - P06 CPU_2.SchDoc
        Warning : Junction at (12.35in,5.85in) has been removed. It will be automatically calculated.
        Warning : Junction at (12.85in,5.75in) has been removed. It will be automatically calculated.
    EndSection

    Section : Importing Sheet - P18 GPS.SchDoc
        Warning : Junction at (2.8in,4.4in) has been removed. It will be automatically calculated.
        Warning : Junction at (4.6in,5.8in) has been removed. It will be automatically calculated.
        Warning : Junction at (4.2in,5.8in) has been removed. It will be automatically calculated.
    EndSection
EndSection
